<?xml version="1.0" encoding="UTF-8"?>
<testng-results ignored="0" total="1" passed="0" failed="0" skipped="1">
  <reporter-output>
  </reporter-output>
  <suite started-at="2022-07-22T02:23:07Z" name="Default suite" finished-at="2022-07-22T02:23:11Z" duration-ms="4833">
    <groups>
      <group name="cucumber">
        <method signature="AbstractTestNGCucumberTests.feature(cucumber.api.testng.CucumberFeatureWrapper)[pri:0, instance:com.test.TestRunner.TestRunner@11f0a5a1]" name="feature" class="cucumber.api.testng.AbstractTestNGCucumberTests"/>
      </group> <!-- cucumber -->
    </groups>
    <test started-at="2022-07-22T02:23:07Z" name="Default test" finished-at="2022-07-22T02:23:11Z" duration-ms="4833">
      <class name="com.test.TestRunner.TestRunner">
        <test-method is-config="true" signature="setUP()[pri:0, instance:com.test.TestRunner.TestRunner@11f0a5a1]" started-at="2022-07-22T02:23:07Z" name="setUP" finished-at="2022-07-22T02:23:10Z" duration-ms="3712" status="FAIL">
          <exception class="org.openqa.selenium.SessionNotCreatedException">
            <message>
              <![CDATA[session not created: This version of ChromeDriver only supports Chrome version 88
Current browser version is 103.0.5060.114 with binary path C:\Program Files\Google\Chrome\Application\chrome.exe
Build info: version: '3.14.0', revision: 'aacccce0', time: '2018-08-02T20:19:58.91Z'
System info: host: 'DESKTOP-U04R4AR', ip: '192.168.1.97', os.name: 'Windows 10', os.arch: 'amd64', os.version: '10.0', java.version: '15.0.1'
Driver info: driver.version: ChromeDriver
remote stacktrace: Backtrace:
GetHandleVerifier [0x00DFB963+483]
GetHandleVerifier [0x00DFB941+449]
GetHandleVerifier [0x011A3308+3832712]
GetHandleVerifier [0x011BD69A+3940122]
GetHandleVerifier [0x011B9AFB+3924859]
GetHandleVerifier [0x011B7D9C+3917340]
GetHandleVerifier [0x011DE7FE+4075646]
GetHandleVerifier [0x011DE56C+4074988]
GetHandleVerifier [0x011DB2EB+4062059]
GetHandleVerifier [0x011BED14+3945876]
GetHandleVerifier [0x011BFBCE+3949646]
GetHandleVerifier [0x011BFB59+3949529]
Ordinal0 [0x00DBB5CC+46540]
Ordinal0 [0x00DB9F53+40787]
Ordinal0 [0x00DB9B12+39698]
GetHandleVerifier [0x010C1468+2907368]
GetHandleVerifier [0x00F071EE+1096302]
GetHandleVerifier [0x00EC3E8D+821005]
GetHandleVerifier [0x00EC396B+819691]
GetHandleVerifier [0x00EC3881+819457]
GetHandleVerifier [0x00EEF463+998627]
BaseThreadInitThunk [0x76F56739+25]
RtlGetFullPathName_UEx [0x77CC8FEF+1215]
RtlGetFullPathName_UEx [0x77CC8FBD+1165]
]]>
            </message>
            <full-stacktrace>
              <![CDATA[org.openqa.selenium.SessionNotCreatedException: session not created: This version of ChromeDriver only supports Chrome version 88
Current browser version is 103.0.5060.114 with binary path C:\Program Files\Google\Chrome\Application\chrome.exe
Build info: version: '3.14.0', revision: 'aacccce0', time: '2018-08-02T20:19:58.91Z'
System info: host: 'DESKTOP-U04R4AR', ip: '192.168.1.97', os.name: 'Windows 10', os.arch: 'amd64', os.version: '10.0', java.version: '15.0.1'
Driver info: driver.version: ChromeDriver
remote stacktrace: Backtrace:
GetHandleVerifier [0x00DFB963+483]
GetHandleVerifier [0x00DFB941+449]
GetHandleVerifier [0x011A3308+3832712]
GetHandleVerifier [0x011BD69A+3940122]
GetHandleVerifier [0x011B9AFB+3924859]
GetHandleVerifier [0x011B7D9C+3917340]
GetHandleVerifier [0x011DE7FE+4075646]
GetHandleVerifier [0x011DE56C+4074988]
GetHandleVerifier [0x011DB2EB+4062059]
GetHandleVerifier [0x011BED14+3945876]
GetHandleVerifier [0x011BFBCE+3949646]
GetHandleVerifier [0x011BFB59+3949529]
Ordinal0 [0x00DBB5CC+46540]
Ordinal0 [0x00DB9F53+40787]
Ordinal0 [0x00DB9B12+39698]
GetHandleVerifier [0x010C1468+2907368]
GetHandleVerifier [0x00F071EE+1096302]
GetHandleVerifier [0x00EC3E8D+821005]
GetHandleVerifier [0x00EC396B+819691]
GetHandleVerifier [0x00EC3881+819457]
GetHandleVerifier [0x00EEF463+998627]
BaseThreadInitThunk [0x76F56739+25]
RtlGetFullPathName_UEx [0x77CC8FEF+1215]
RtlGetFullPathName_UEx [0x77CC8FBD+1165]

at java.base/jdk.internal.reflect.NativeConstructorAccessorImpl.newInstance0(Native Method)
at java.base/jdk.internal.reflect.NativeConstructorAccessorImpl.newInstance(NativeConstructorAccessorImpl.java:64)
at java.base/jdk.internal.reflect.DelegatingConstructorAccessorImpl.newInstance(DelegatingConstructorAccessorImpl.java:45)
at java.base/java.lang.reflect.Constructor.newInstanceWithCaller(Constructor.java:500)
at java.base/java.lang.reflect.Constructor.newInstance(Constructor.java:481)
at org.openqa.selenium.remote.W3CHandshakeResponse.lambda$new$0(W3CHandshakeResponse.java:57)
at org.openqa.selenium.remote.W3CHandshakeResponse.lambda$getResponseFunction$2(W3CHandshakeResponse.java:104)
at org.openqa.selenium.remote.ProtocolHandshake.lambda$createSession$0(ProtocolHandshake.java:122)
at java.base/java.util.stream.ReferencePipeline$3$1.accept(ReferencePipeline.java:195)
at java.base/java.util.Spliterators$ArraySpliterator.tryAdvance(Spliterators.java:958)
at java.base/java.util.stream.ReferencePipeline.forEachWithCancel(ReferencePipeline.java:127)
at java.base/java.util.stream.AbstractPipeline.copyIntoWithCancel(AbstractPipeline.java:502)
at java.base/java.util.stream.AbstractPipeline.copyInto(AbstractPipeline.java:488)
at java.base/java.util.stream.AbstractPipeline.wrapAndCopyInto(AbstractPipeline.java:474)
at java.base/java.util.stream.FindOps$FindOp.evaluateSequential(FindOps.java:150)
at java.base/java.util.stream.AbstractPipeline.evaluate(AbstractPipeline.java:234)
at java.base/java.util.stream.ReferencePipeline.findFirst(ReferencePipeline.java:543)
at org.openqa.selenium.remote.ProtocolHandshake.createSession(ProtocolHandshake.java:125)
at org.openqa.selenium.remote.ProtocolHandshake.createSession(ProtocolHandshake.java:73)
at org.openqa.selenium.remote.HttpCommandExecutor.execute(HttpCommandExecutor.java:136)
at org.openqa.selenium.remote.service.DriverCommandExecutor.execute(DriverCommandExecutor.java:83)
at org.openqa.selenium.remote.RemoteWebDriver.execute(RemoteWebDriver.java:548)
at org.openqa.selenium.remote.RemoteWebDriver.startSession(RemoteWebDriver.java:212)
at org.openqa.selenium.remote.RemoteWebDriver.<init>(RemoteWebDriver.java:130)
at org.openqa.selenium.chrome.ChromeDriver.<init>(ChromeDriver.java:181)
at org.openqa.selenium.chrome.ChromeDriver.<init>(ChromeDriver.java:168)
at org.openqa.selenium.chrome.ChromeDriver.<init>(ChromeDriver.java:123)
at com.test.util.testbase.init(testbase.java:39)
at com.test.TestRunner.TestRunner.setUP(TestRunner.java:22)
at java.base/jdk.internal.reflect.NativeMethodAccessorImpl.invoke0(Native Method)
at java.base/jdk.internal.reflect.NativeMethodAccessorImpl.invoke(NativeMethodAccessorImpl.java:64)
at java.base/jdk.internal.reflect.DelegatingMethodAccessorImpl.invoke(DelegatingMethodAccessorImpl.java:43)
at java.base/java.lang.reflect.Method.invoke(Method.java:564)
at org.testng.internal.MethodInvocationHelper.invokeMethod(MethodInvocationHelper.java:124)
at org.testng.internal.MethodInvocationHelper.invokeMethodConsideringTimeout(MethodInvocationHelper.java:59)
at org.testng.internal.Invoker.invokeConfigurationMethod(Invoker.java:458)
at org.testng.internal.Invoker.invokeConfigurations(Invoker.java:222)
at org.testng.internal.Invoker.invokeConfigurations(Invoker.java:142)
at org.testng.TestRunner.beforeRun(TestRunner.java:529)
at org.testng.TestRunner.run(TestRunner.java:497)
at org.testng.SuiteRunner.runTest(SuiteRunner.java:455)
at org.testng.SuiteRunner.runSequentially(SuiteRunner.java:450)
at org.testng.SuiteRunner.privateRun(SuiteRunner.java:415)
at org.testng.SuiteRunner.run(SuiteRunner.java:364)
at org.testng.SuiteRunnerWorker.runSuite(SuiteRunnerWorker.java:52)
at org.testng.SuiteRunnerWorker.run(SuiteRunnerWorker.java:84)
at org.testng.TestNG.runSuitesSequentially(TestNG.java:1208)
at org.testng.TestNG.runSuitesLocally(TestNG.java:1137)
at org.testng.TestNG.runSuites(TestNG.java:1049)
at org.testng.TestNG.run(TestNG.java:1017)
at org.testng.remote.AbstractRemoteTestNG.run(AbstractRemoteTestNG.java:115)
at org.testng.remote.RemoteTestNG.initAndRun(RemoteTestNG.java:251)
at org.testng.remote.RemoteTestNG.main(RemoteTestNG.java:77)
]]>
            </full-stacktrace>
          </exception> <!-- org.openqa.selenium.SessionNotCreatedException -->
          <reporter-output>
          </reporter-output>
        </test-method> <!-- setUP -->
        <test-method is-config="true" signature="setUpClass()[pri:0, instance:com.test.TestRunner.TestRunner@11f0a5a1]" started-at="2022-07-22T02:23:10Z" name="setUpClass" finished-at="2022-07-22T02:23:11Z" duration-ms="601" status="PASS">
          <reporter-output>
          </reporter-output>
        </test-method> <!-- setUpClass -->
        <test-method signature="feature(cucumber.api.testng.CucumberFeatureWrapper)[pri:0, instance:com.test.TestRunner.TestRunner@11f0a5a1]" started-at="2022-07-22T02:23:11Z" name="feature" description="Runs Cucumber Feature" data-provider="features" finished-at="2022-07-22T02:23:11Z" duration-ms="0" status="SKIP">
          <exception class="org.openqa.selenium.SessionNotCreatedException">
            <message>
              <![CDATA[session not created: This version of ChromeDriver only supports Chrome version 88
Current browser version is 103.0.5060.114 with binary path C:\Program Files\Google\Chrome\Application\chrome.exe
Build info: version: '3.14.0', revision: 'aacccce0', time: '2018-08-02T20:19:58.91Z'
System info: host: 'DESKTOP-U04R4AR', ip: '192.168.1.97', os.name: 'Windows 10', os.arch: 'amd64', os.version: '10.0', java.version: '15.0.1'
Driver info: driver.version: ChromeDriver
remote stacktrace: Backtrace:
GetHandleVerifier [0x00DFB963+483]
GetHandleVerifier [0x00DFB941+449]
GetHandleVerifier [0x011A3308+3832712]
GetHandleVerifier [0x011BD69A+3940122]
GetHandleVerifier [0x011B9AFB+3924859]
GetHandleVerifier [0x011B7D9C+3917340]
GetHandleVerifier [0x011DE7FE+4075646]
GetHandleVerifier [0x011DE56C+4074988]
GetHandleVerifier [0x011DB2EB+4062059]
GetHandleVerifier [0x011BED14+3945876]
GetHandleVerifier [0x011BFBCE+3949646]
GetHandleVerifier [0x011BFB59+3949529]
Ordinal0 [0x00DBB5CC+46540]
Ordinal0 [0x00DB9F53+40787]
Ordinal0 [0x00DB9B12+39698]
GetHandleVerifier [0x010C1468+2907368]
GetHandleVerifier [0x00F071EE+1096302]
GetHandleVerifier [0x00EC3E8D+821005]
GetHandleVerifier [0x00EC396B+819691]
GetHandleVerifier [0x00EC3881+819457]
GetHandleVerifier [0x00EEF463+998627]
BaseThreadInitThunk [0x76F56739+25]
RtlGetFullPathName_UEx [0x77CC8FEF+1215]
RtlGetFullPathName_UEx [0x77CC8FBD+1165]
]]>
            </message>
            <full-stacktrace>
              <![CDATA[org.openqa.selenium.SessionNotCreatedException: session not created: This version of ChromeDriver only supports Chrome version 88
Current browser version is 103.0.5060.114 with binary path C:\Program Files\Google\Chrome\Application\chrome.exe
Build info: version: '3.14.0', revision: 'aacccce0', time: '2018-08-02T20:19:58.91Z'
System info: host: 'DESKTOP-U04R4AR', ip: '192.168.1.97', os.name: 'Windows 10', os.arch: 'amd64', os.version: '10.0', java.version: '15.0.1'
Driver info: driver.version: ChromeDriver
remote stacktrace: Backtrace:
GetHandleVerifier [0x00DFB963+483]
GetHandleVerifier [0x00DFB941+449]
GetHandleVerifier [0x011A3308+3832712]
GetHandleVerifier [0x011BD69A+3940122]
GetHandleVerifier [0x011B9AFB+3924859]
GetHandleVerifier [0x011B7D9C+3917340]
GetHandleVerifier [0x011DE7FE+4075646]
GetHandleVerifier [0x011DE56C+4074988]
GetHandleVerifier [0x011DB2EB+4062059]
GetHandleVerifier [0x011BED14+3945876]
GetHandleVerifier [0x011BFBCE+3949646]
GetHandleVerifier [0x011BFB59+3949529]
Ordinal0 [0x00DBB5CC+46540]
Ordinal0 [0x00DB9F53+40787]
Ordinal0 [0x00DB9B12+39698]
GetHandleVerifier [0x010C1468+2907368]
GetHandleVerifier [0x00F071EE+1096302]
GetHandleVerifier [0x00EC3E8D+821005]
GetHandleVerifier [0x00EC396B+819691]
GetHandleVerifier [0x00EC3881+819457]
GetHandleVerifier [0x00EEF463+998627]
BaseThreadInitThunk [0x76F56739+25]
RtlGetFullPathName_UEx [0x77CC8FEF+1215]
RtlGetFullPathName_UEx [0x77CC8FBD+1165]

at java.base/jdk.internal.reflect.NativeConstructorAccessorImpl.newInstance0(Native Method)
at java.base/jdk.internal.reflect.NativeConstructorAccessorImpl.newInstance(NativeConstructorAccessorImpl.java:64)
at java.base/jdk.internal.reflect.DelegatingConstructorAccessorImpl.newInstance(DelegatingConstructorAccessorImpl.java:45)
at java.base/java.lang.reflect.Constructor.newInstanceWithCaller(Constructor.java:500)
at java.base/java.lang.reflect.Constructor.newInstance(Constructor.java:481)
at org.openqa.selenium.remote.W3CHandshakeResponse.lambda$new$0(W3CHandshakeResponse.java:57)
at org.openqa.selenium.remote.W3CHandshakeResponse.lambda$getResponseFunction$2(W3CHandshakeResponse.java:104)
at org.openqa.selenium.remote.ProtocolHandshake.lambda$createSession$0(ProtocolHandshake.java:122)
at java.base/java.util.stream.ReferencePipeline$3$1.accept(ReferencePipeline.java:195)
at java.base/java.util.Spliterators$ArraySpliterator.tryAdvance(Spliterators.java:958)
at java.base/java.util.stream.ReferencePipeline.forEachWithCancel(ReferencePipeline.java:127)
at java.base/java.util.stream.AbstractPipeline.copyIntoWithCancel(AbstractPipeline.java:502)
at java.base/java.util.stream.AbstractPipeline.copyInto(AbstractPipeline.java:488)
at java.base/java.util.stream.AbstractPipeline.wrapAndCopyInto(AbstractPipeline.java:474)
at java.base/java.util.stream.FindOps$FindOp.evaluateSequential(FindOps.java:150)
at java.base/java.util.stream.AbstractPipeline.evaluate(AbstractPipeline.java:234)
at java.base/java.util.stream.ReferencePipeline.findFirst(ReferencePipeline.java:543)
at org.openqa.selenium.remote.ProtocolHandshake.createSession(ProtocolHandshake.java:125)
at org.openqa.selenium.remote.ProtocolHandshake.createSession(ProtocolHandshake.java:73)
at org.openqa.selenium.remote.HttpCommandExecutor.execute(HttpCommandExecutor.java:136)
at org.openqa.selenium.remote.service.DriverCommandExecutor.execute(DriverCommandExecutor.java:83)
at org.openqa.selenium.remote.RemoteWebDriver.execute(RemoteWebDriver.java:548)
at org.openqa.selenium.remote.RemoteWebDriver.startSession(RemoteWebDriver.java:212)
at org.openqa.selenium.remote.RemoteWebDriver.<init>(RemoteWebDriver.java:130)
at org.openqa.selenium.chrome.ChromeDriver.<init>(ChromeDriver.java:181)
at org.openqa.selenium.chrome.ChromeDriver.<init>(ChromeDriver.java:168)
at org.openqa.selenium.chrome.ChromeDriver.<init>(ChromeDriver.java:123)
at com.test.util.testbase.init(testbase.java:39)
at com.test.TestRunner.TestRunner.setUP(TestRunner.java:22)
at java.base/jdk.internal.reflect.NativeMethodAccessorImpl.invoke0(Native Method)
at java.base/jdk.internal.reflect.NativeMethodAccessorImpl.invoke(NativeMethodAccessorImpl.java:64)
at java.base/jdk.internal.reflect.DelegatingMethodAccessorImpl.invoke(DelegatingMethodAccessorImpl.java:43)
at java.base/java.lang.reflect.Method.invoke(Method.java:564)
at org.testng.internal.MethodInvocationHelper.invokeMethod(MethodInvocationHelper.java:124)
at org.testng.internal.MethodInvocationHelper.invokeMethodConsideringTimeout(MethodInvocationHelper.java:59)
at org.testng.internal.Invoker.invokeConfigurationMethod(Invoker.java:458)
at org.testng.internal.Invoker.invokeConfigurations(Invoker.java:222)
at org.testng.internal.Invoker.invokeConfigurations(Invoker.java:142)
at org.testng.TestRunner.beforeRun(TestRunner.java:529)
at org.testng.TestRunner.run(TestRunner.java:497)
at org.testng.SuiteRunner.runTest(SuiteRunner.java:455)
at org.testng.SuiteRunner.runSequentially(SuiteRunner.java:450)
at org.testng.SuiteRunner.privateRun(SuiteRunner.java:415)
at org.testng.SuiteRunner.run(SuiteRunner.java:364)
at org.testng.SuiteRunnerWorker.runSuite(SuiteRunnerWorker.java:52)
at org.testng.SuiteRunnerWorker.run(SuiteRunnerWorker.java:84)
at org.testng.TestNG.runSuitesSequentially(TestNG.java:1208)
at org.testng.TestNG.runSuitesLocally(TestNG.java:1137)
at org.testng.TestNG.runSuites(TestNG.java:1049)
at org.testng.TestNG.run(TestNG.java:1017)
at org.testng.remote.AbstractRemoteTestNG.run(AbstractRemoteTestNG.java:115)
at org.testng.remote.RemoteTestNG.initAndRun(RemoteTestNG.java:251)
at org.testng.remote.RemoteTestNG.main(RemoteTestNG.java:77)
]]>
            </full-stacktrace>
          </exception> <!-- org.openqa.selenium.SessionNotCreatedException -->
          <reporter-output>
          </reporter-output>
        </test-method> <!-- feature -->
        <test-method is-config="true" signature="tearDownClass()[pri:0, instance:com.test.TestRunner.TestRunner@11f0a5a1]" started-at="2022-07-22T02:23:11Z" name="tearDownClass" finished-at="2022-07-22T02:23:11Z" duration-ms="109" status="PASS">
          <reporter-output>
          </reporter-output>
        </test-method> <!-- tearDownClass -->
      </class> <!-- com.test.TestRunner.TestRunner -->
    </test> <!-- Default test -->
  </suite> <!-- Default suite -->
</testng-results>
